Flutter crash report.
Please report a bug at https://github.com/flutter/flutter/issues.

## command

flutter --no-color pub get

## exception

PathAccessException: PathAccessException: Cannot create link, path = '/media/VPS/103. Puzzle game/App/Mobile/windows/flutter/ephemeral/.plugin_symlinks/file_selector_windows' (OS Error: Operation not permitted, errno = 1)

```
#0      _Link.throwIfError (dart:io/link.dart:339:7)
#1      _Link.createSync (dart:io/link.dart:267:5)
#2      ForwardingLink.createSync (package:file/src/forwarding/forwarding_link.dart:20:16)
#3      ForwardingLink.createSync (package:file/src/forwarding/forwarding_link.dart:20:16)
#4      _createPlatformPluginSymlinks (package:flutter_tools/src/flutter_plugins.dart:990:12)
#5      createPluginSymlinks (package:flutter_tools/src/flutter_plugins.dart:912:5)
#6      refreshPluginsList (package:flutter_tools/src/flutter_plugins.dart:1027:5)
<asynchronous suspension>
#7      FlutterProject.ensureReadyForPlatformSpecificTooling (package:flutter_tools/src/project.dart:373:5)
<asynchronous suspension>
#8      PackagesGetCommand.runCommand (package:flutter_tools/src/commands/packages.dart:386:7)
<asynchronous suspension>
#9      FlutterCommand.run.<anonymous closure> (package:flutter_tools/src/runner/flutter_command.dart:1450:27)
<asynchronous suspension>
#10     AppContext.run.<anonymous closure> (package:flutter_tools/src/base/context.dart:153:19)
<asynchronous suspension>
#11     CommandRunner.runCommand (package:args/command_runner.dart:212:13)
<asynchronous suspension>
#12     FlutterCommandRunner.runCommand.<anonymous closure> (package:flutter_tools/src/runner/flutter_command_runner.dart:421:9)
<asynchronous suspension>
#13     AppContext.run.<anonymous closure> (package:flutter_tools/src/base/context.dart:153:19)
<asynchronous suspension>
#14     FlutterCommandRunner.runCommand (package:flutter_tools/src/runner/flutter_command_runner.dart:364:5)
<asynchronous suspension>
#15     run.<anonymous closure>.<anonymous closure> (package:flutter_tools/runner.dart:131:9)
<asynchronous suspension>
#16     AppContext.run.<anonymous closure> (package:flutter_tools/src/base/context.dart:153:19)
<asynchronous suspension>
#17     main (package:flutter_tools/executable.dart:94:3)
<asynchronous suspension>
```

## flutter doctor

```
[!] Flutter (Channel stable, 3.27.0, on Linux Mint 21.3 5.15.0-91-generic, locale en_US.UTF-8)
    • Flutter version 3.27.0 on channel stable at /home/hmr/_sdk/Flutter/3.27.0
    ! The flutter binary is not on your path. Consider adding /home/hmr/_sdk/Flutter/3.27.0/bin to your path.
    ! The dart binary is not on your path. Consider adding /home/hmr/_sdk/Flutter/3.27.0/bin to your path.
    • Upstream repository https://github.com/flutter/flutter.git
    • Framework revision 8495dee1fd (5 weeks ago), 2024-12-10 14:23:39 -0800
    • Engine revision 83bacfc525
    • Dart version 3.6.0
    • DevTools version 2.40.2
    • If those were intentional, you can disregard the above warnings; however it is recommended to use "git" directly to perform update checks and upgrades.

[!] Android toolchain - develop for Android devices (Android SDK version 35.0.0)
    • Android SDK at /home/hmr/Android/Sdk
    ✗ cmdline-tools component is missing
      Run `path/to/sdkmanager --install "cmdline-tools;latest"`
      See https://developer.android.com/studio/command-line for more details.
    ✗ Android license status unknown.
      Run `flutter doctor --android-licenses` to accept the SDK licenses.
      See https://flutter.dev/to/linux-android-setup for more details.

[✗] Chrome - develop for the web (Cannot find Chrome executable at google-chrome)
    ! Cannot find Chrome. Try setting CHROME_EXECUTABLE to a Chrome executable.

[✗] Linux toolchain - develop for Linux desktop
    ✗ clang++ is required for Linux development.
      It is likely available from your distribution (e.g.: apt install clang), or can be downloaded from https://releases.llvm.org/
    ✗ CMake is required for Linux development.
      It is likely available from your distribution (e.g.: apt install cmake), or can be downloaded from https://cmake.org/download/
    ✗ ninja is required for Linux development.
      It is likely available from your distribution (e.g.: apt install ninja-build), or can be downloaded from https://github.com/ninja-build/ninja/releases
    • pkg-config version 0.29.2
    ✗ GTK 3.0 development libraries are required for Linux development.
      They are likely available from your distribution (e.g.: apt install libgtk-3-dev)

[✓] Android Studio (version 2024.2)
    • Android Studio at /home/hmr/.local/share/JetBrains/Toolbox/apps/android-studio
    • Flutter plugin version 83.0.3
    • Dart plugin can be installed from:
      🔨 https://plugins.jetbrains.com/plugin/6351-dart
    • Java version OpenJDK Runtime Environment (build 21.0.4+-12422083-b607.1)

[✓] Connected device (2 available)
    • Redmi Note 9 Pro (mobile) • 192.168.8.119:5555 • android-arm64 • Android 10 (API 29)
    • Linux (desktop)           • linux              • linux-x64     • Linux Mint 21.3 5.15.0-91-generic

[✓] Network resources
    • All expected network resources are available.

! Doctor found issues in 4 categories.
```
